{"event_type":"sidekiq_job_started","message":"Job type sidekiq_job - MyWorker ({:foo=\u003e:bar}) started","@timestamp":"2017-12-01T14:22:07.875+01:00","@version":"1","severity":"INFO","host":"SimonsHckintosh","pid":14102,"jid":null,"thread_id":"ouiuuo8m4","worker":"MyWorker","args":"{:foo=\u003e:bar}","queue":"critical","retry_count":null,"worker_type":"sidekiq"}
{"event_type":"sidekiq_job_finished","duration":0.000889,"message":"Job type sidekiq_job - MyWorker ({:foo=\u003e:bar}) finished","@timestamp":"2017-12-01T14:22:07.877+01:00","@version":"1","severity":"INFO","host":"SimonsHckintosh","pid":14102,"jid":null,"thread_id":"ouiuuo8m4","worker":"MyWorker","args":"{:foo=\u003e:bar}","queue":"critical","retry_count":null,"worker_type":"sidekiq"}
{"event_type":"sidekiq_job_started","message":"Job type sidekiq_job - MyWorker ({:foo=\u003e:bar}) started","@timestamp":"2017-12-01T14:22:07.885+01:00","@version":"1","severity":"INFO","host":"SimonsHckintosh","pid":14102,"jid":null,"thread_id":"ouiuuo8m4","worker":"MyWorker","args":"{:foo=\u003e:bar}","queue":"critical","retry_count":null,"worker_type":"sidekiq"}
{"event_type":"sidekiq_job_finished","duration":8.0e-06,"message":"Job type sidekiq_job - MyWorker ({:foo=\u003e:bar}) finished","@timestamp":"2017-12-01T14:22:07.885+01:00","@version":"1","severity":"INFO","host":"SimonsHckintosh","pid":14102,"jid":null,"thread_id":"ouiuuo8m4","worker":"MyWorker","args":"{:foo=\u003e:bar}","queue":"critical","retry_count":null,"worker_type":"sidekiq"}
{"event_type":"sidekiq_job_started","message":"Job type sidekiq_job - MyWorker ({:foo=\u003e:bar}) started","@timestamp":"2017-12-01T14:22:07.886+01:00","@version":"1","severity":"INFO","host":"SimonsHckintosh"}
{"message":"test","@timestamp":"2017-12-01T14:22:07.886+01:00","@version":"1","severity":"ERROR","host":"SimonsHckintosh"}
{"event_type":"sidekiq_job_finished","duration":0.000194,"message":"Job type sidekiq_job - MyWorker ({:foo=\u003e:bar}) finished","@timestamp":"2017-12-01T14:22:07.886+01:00","@version":"1","severity":"INFO","host":"SimonsHckintosh"}
{"event_type":"sidekiq_job_started","message":"Job type sidekiq_job - MyWorker ({:foo=\u003e:bar}) started","@timestamp":"2017-12-01T14:23:36.615+01:00","@version":"1","severity":"INFO","host":"SimonsHckintosh","pid":15824,"jid":null,"thread_id":"oxc0anfe4","worker":"MyWorker","args":"{:foo=\u003e:bar}","queue":"critical","retry_count":null,"worker_type":"sidekiq"}
{"event_type":"sidekiq_job_finished","duration":0.00051,"message":"Job type sidekiq_job - MyWorker ({:foo=\u003e:bar}) finished","@timestamp":"2017-12-01T14:23:36.616+01:00","@version":"1","severity":"INFO","host":"SimonsHckintosh","pid":15824,"jid":null,"thread_id":"oxc0anfe4","worker":"MyWorker","args":"{:foo=\u003e:bar}","queue":"critical","retry_count":null,"worker_type":"sidekiq"}
{"event_type":"sidekiq_job_started","message":"Job type sidekiq_job - MyWorker ({:foo=\u003e:bar}) started","@timestamp":"2017-12-01T14:23:36.620+01:00","@version":"1","severity":"INFO","host":"SimonsHckintosh","pid":15824,"jid":null,"thread_id":"oxc0anfe4","worker":"MyWorker","args":"{:foo=\u003e:bar}","queue":"critical","retry_count":null,"worker_type":"sidekiq"}
{"event_type":"sidekiq_job_finished","duration":8.0e-06,"message":"Job type sidekiq_job - MyWorker ({:foo=\u003e:bar}) finished","@timestamp":"2017-12-01T14:23:36.620+01:00","@version":"1","severity":"INFO","host":"SimonsHckintosh","pid":15824,"jid":null,"thread_id":"oxc0anfe4","worker":"MyWorker","args":"{:foo=\u003e:bar}","queue":"critical","retry_count":null,"worker_type":"sidekiq"}
{"event_type":"sidekiq_job_started","message":"Job type sidekiq_job - MyWorker ({:foo=\u003e:bar}) started","@timestamp":"2017-12-01T14:23:36.621+01:00","@version":"1","severity":"INFO","host":"SimonsHckintosh"}
{"message":"test","@timestamp":"2017-12-01T14:23:36.621+01:00","@version":"1","severity":"ERROR","host":"SimonsHckintosh"}
{"event_type":"sidekiq_job_finished","duration":0.000172,"message":"Job type sidekiq_job - MyWorker ({:foo=\u003e:bar}) finished","@timestamp":"2017-12-01T14:23:36.621+01:00","@version":"1","severity":"INFO","host":"SimonsHckintosh"}
{"event_type":"sidekiq_job_started","message":"Job type sidekiq_job - MyWorker ({:foo=\u003e:bar}) started","@timestamp":"2017-12-01T14:30:34.033+01:00","@version":"1","severity":"INFO","host":"SimonsHckintosh","pid":18735,"jid":null,"thread_id":"owdfir06k","worker":"MyWorker","args":"{:foo=\u003e:bar}","queue":"critical","retry_count":null,"worker_type":"sidekiq"}
{"event_type":"sidekiq_job_finished","duration":0.000548,"message":"Job type sidekiq_job - MyWorker ({:foo=\u003e:bar}) finished","@timestamp":"2017-12-01T14:30:34.034+01:00","@version":"1","severity":"INFO","host":"SimonsHckintosh","pid":18735,"jid":null,"thread_id":"owdfir06k","worker":"MyWorker","args":"{:foo=\u003e:bar}","queue":"critical","retry_count":null,"worker_type":"sidekiq"}
{"event_type":"sidekiq_job_started","message":"Job type sidekiq_job - MyWorker ({:foo=\u003e:bar}) started","@timestamp":"2017-12-01T14:30:34.038+01:00","@version":"1","severity":"INFO","host":"SimonsHckintosh","pid":18735,"jid":null,"thread_id":"owdfir06k","worker":"MyWorker","args":"{:foo=\u003e:bar}","queue":"critical","retry_count":null,"worker_type":"sidekiq"}
{"event_type":"sidekiq_job_finished","duration":7.0e-06,"message":"Job type sidekiq_job - MyWorker ({:foo=\u003e:bar}) finished","@timestamp":"2017-12-01T14:30:34.038+01:00","@version":"1","severity":"INFO","host":"SimonsHckintosh","pid":18735,"jid":null,"thread_id":"owdfir06k","worker":"MyWorker","args":"{:foo=\u003e:bar}","queue":"critical","retry_count":null,"worker_type":"sidekiq"}
{"event_type":"sidekiq_job_started","message":"Job type sidekiq_job - MyWorker ({:foo=\u003e:bar}) started","@timestamp":"2017-12-01T14:30:34.038+01:00","@version":"1","severity":"INFO","host":"SimonsHckintosh"}
{"message":"test","@timestamp":"2017-12-01T14:30:34.039+01:00","@version":"1","severity":"ERROR","host":"SimonsHckintosh"}
{"event_type":"sidekiq_job_finished","duration":0.000197,"message":"Job type sidekiq_job - MyWorker ({:foo=\u003e:bar}) finished","@timestamp":"2017-12-01T14:30:34.039+01:00","@version":"1","severity":"INFO","host":"SimonsHckintosh"}
{"event_type":"sidekiq_job_started","message":"Job type sidekiq_job - MyWorker ({:foo=\u003e:bar}) started","@timestamp":"2017-12-01T14:32:58.162+01:00","@version":"1","severity":"INFO","host":"SimonsHckintosh","pid":22135,"jid":null,"thread_id":"owp22qhzw","worker":"MyWorker","args":"{:foo=\u003e:bar}","queue":"critical","retry_count":null,"worker_type":"sidekiq"}
{"event_type":"sidekiq_job_finished","duration":0.000537,"message":"Job type sidekiq_job - MyWorker ({:foo=\u003e:bar}) finished","@timestamp":"2017-12-01T14:32:58.163+01:00","@version":"1","severity":"INFO","host":"SimonsHckintosh","pid":22135,"jid":null,"thread_id":"owp22qhzw","worker":"MyWorker","args":"{:foo=\u003e:bar}","queue":"critical","retry_count":null,"worker_type":"sidekiq"}
{"event_type":"sidekiq_job_started","message":"Job type sidekiq_job - MyWorker ({:foo=\u003e:bar}) started","@timestamp":"2017-12-01T14:32:58.168+01:00","@version":"1","severity":"INFO","host":"SimonsHckintosh","pid":22135,"jid":null,"thread_id":"owp22qhzw","worker":"MyWorker","args":"{:foo=\u003e:bar}","queue":"critical","retry_count":null,"worker_type":"sidekiq"}
{"event_type":"sidekiq_job_finished","duration":1.2e-05,"message":"Job type sidekiq_job - MyWorker ({:foo=\u003e:bar}) finished","@timestamp":"2017-12-01T14:32:58.168+01:00","@version":"1","severity":"INFO","host":"SimonsHckintosh","pid":22135,"jid":null,"thread_id":"owp22qhzw","worker":"MyWorker","args":"{:foo=\u003e:bar}","queue":"critical","retry_count":null,"worker_type":"sidekiq"}
{"event_type":"sidekiq_job_started","message":"Job type sidekiq_job - MyWorker ({:foo=\u003e:bar}) started","@timestamp":"2017-12-01T14:32:58.168+01:00","@version":"1","severity":"INFO","host":"SimonsHckintosh"}
{"message":"test","@timestamp":"2017-12-01T14:32:58.169+01:00","@version":"1","severity":"ERROR","host":"SimonsHckintosh"}
{"event_type":"sidekiq_job_finished","duration":0.000192,"message":"Job type sidekiq_job - MyWorker ({:foo=\u003e:bar}) finished","@timestamp":"2017-12-01T14:32:58.169+01:00","@version":"1","severity":"INFO","host":"SimonsHckintosh"}
{"event_type":"sidekiq_job_started","message":"Job type sidekiq_job - MyWorker ({:foo=\u003e:bar}) started","@timestamp":"2017-12-01T14:33:46.476+01:00","@version":"1","severity":"INFO","host":"SimonsHckintosh","pid":22974,"jid":null,"thread_id":"owxi6dhh0","worker":"MyWorker","args":"{:foo=\u003e:bar}","queue":"critical","retry_count":null,"worker_type":"sidekiq"}
{"event_type":"sidekiq_job_finished","duration":0.000646,"message":"Job type sidekiq_job - MyWorker ({:foo=\u003e:bar}) finished","@timestamp":"2017-12-01T14:33:46.477+01:00","@version":"1","severity":"INFO","host":"SimonsHckintosh","pid":22974,"jid":null,"thread_id":"owxi6dhh0","worker":"MyWorker","args":"{:foo=\u003e:bar}","queue":"critical","retry_count":null,"worker_type":"sidekiq"}
{"event_type":"sidekiq_job_started","message":"Job type sidekiq_job - MyWorker ({:foo=\u003e:bar}) started","@timestamp":"2017-12-01T14:33:46.481+01:00","@version":"1","severity":"INFO","host":"SimonsHckintosh","pid":22974,"jid":null,"thread_id":"owxi6dhh0","worker":"MyWorker","args":"{:foo=\u003e:bar}","queue":"critical","retry_count":null,"worker_type":"sidekiq"}
{"event_type":"sidekiq_job_finished","duration":1.0e-05,"message":"Job type sidekiq_job - MyWorker ({:foo=\u003e:bar}) finished","@timestamp":"2017-12-01T14:33:46.481+01:00","@version":"1","severity":"INFO","host":"SimonsHckintosh","pid":22974,"jid":null,"thread_id":"owxi6dhh0","worker":"MyWorker","args":"{:foo=\u003e:bar}","queue":"critical","retry_count":null,"worker_type":"sidekiq"}
{"event_type":"sidekiq_job_started","message":"Job type sidekiq_job - MyWorker ({:foo=\u003e:bar}) started","@timestamp":"2017-12-01T14:33:46.482+01:00","@version":"1","severity":"INFO","host":"SimonsHckintosh"}
{"message":"test","@timestamp":"2017-12-01T14:33:46.482+01:00","@version":"1","severity":"ERROR","host":"SimonsHckintosh"}
{"event_type":"sidekiq_job_finished","duration":0.000183,"message":"Job type sidekiq_job - MyWorker ({:foo=\u003e:bar}) finished","@timestamp":"2017-12-01T14:33:46.482+01:00","@version":"1","severity":"INFO","host":"SimonsHckintosh"}
{"event_type":"sidekiq_job_started","message":"Job type sidekiq_job - MyWorker ({:foo=\u003e:bar}) started","@timestamp":"2017-12-01T14:34:02.068+01:00","@version":"1","severity":"INFO","host":"SimonsHckintosh","pid":23813,"jid":null,"thread_id":"owopg95f0","worker":"MyWorker","args":"{:foo=\u003e:bar}","queue":"critical","retry_count":null,"worker_type":"sidekiq"}
{"event_type":"sidekiq_job_finished","duration":0.000668,"message":"Job type sidekiq_job - MyWorker ({:foo=\u003e:bar}) finished","@timestamp":"2017-12-01T14:34:02.069+01:00","@version":"1","severity":"INFO","host":"SimonsHckintosh","pid":23813,"jid":null,"thread_id":"owopg95f0","worker":"MyWorker","args":"{:foo=\u003e:bar}","queue":"critical","retry_count":null,"worker_type":"sidekiq"}
{"event_type":"sidekiq_job_started","message":"Job type sidekiq_job - MyWorker ({:foo=\u003e:bar}) started","@timestamp":"2017-12-01T14:34:02.074+01:00","@version":"1","severity":"INFO","host":"SimonsHckintosh","pid":23813,"jid":null,"thread_id":"owopg95f0","worker":"MyWorker","args":"{:foo=\u003e:bar}","queue":"critical","retry_count":null,"worker_type":"sidekiq"}
{"event_type":"sidekiq_job_finished","duration":2.4e-05,"message":"Job type sidekiq_job - MyWorker ({:foo=\u003e:bar}) finished","@timestamp":"2017-12-01T14:34:02.075+01:00","@version":"1","severity":"INFO","host":"SimonsHckintosh","pid":23813,"jid":null,"thread_id":"owopg95f0","worker":"MyWorker","args":"{:foo=\u003e:bar}","queue":"critical","retry_count":null,"worker_type":"sidekiq"}
{"event_type":"sidekiq_job_started","message":"Job type sidekiq_job - MyWorker ({:foo=\u003e:bar}) started","@timestamp":"2017-12-01T14:34:02.076+01:00","@version":"1","severity":"INFO","host":"SimonsHckintosh"}
{"message":"test","@timestamp":"2017-12-01T14:34:02.077+01:00","@version":"1","severity":"ERROR","host":"SimonsHckintosh"}
{"event_type":"sidekiq_job_finished","duration":0.000344,"message":"Job type sidekiq_job - MyWorker ({:foo=\u003e:bar}) finished","@timestamp":"2017-12-01T14:34:02.077+01:00","@version":"1","severity":"INFO","host":"SimonsHckintosh"}
{"event_type":"sidekiq_job_started","message":"Job type sidekiq_job - MyWorker ({:foo=\u003e:bar}) started","@timestamp":"2017-12-01T14:34:09.921+01:00","@version":"1","severity":"INFO","host":"SimonsHckintosh","pid":24386,"jid":null,"thread_id":"ov5fc59l8","worker":"MyWorker","args":"{:foo=\u003e:bar}","queue":"critical","retry_count":null,"worker_type":"sidekiq"}
{"event_type":"sidekiq_job_finished","duration":0.000528,"message":"Job type sidekiq_job - MyWorker ({:foo=\u003e:bar}) finished","@timestamp":"2017-12-01T14:34:09.922+01:00","@version":"1","severity":"INFO","host":"SimonsHckintosh","pid":24386,"jid":null,"thread_id":"ov5fc59l8","worker":"MyWorker","args":"{:foo=\u003e:bar}","queue":"critical","retry_count":null,"worker_type":"sidekiq"}
{"event_type":"sidekiq_job_started","message":"Job type sidekiq_job - MyWorker ({:foo=\u003e:bar}) started","@timestamp":"2017-12-01T14:34:09.926+01:00","@version":"1","severity":"INFO","host":"SimonsHckintosh","pid":24386,"jid":null,"thread_id":"ov5fc59l8","worker":"MyWorker","args":"{:foo=\u003e:bar}","queue":"critical","retry_count":null,"worker_type":"sidekiq"}
{"event_type":"sidekiq_job_finished","duration":8.0e-06,"message":"Job type sidekiq_job - MyWorker ({:foo=\u003e:bar}) finished","@timestamp":"2017-12-01T14:34:09.926+01:00","@version":"1","severity":"INFO","host":"SimonsHckintosh","pid":24386,"jid":null,"thread_id":"ov5fc59l8","worker":"MyWorker","args":"{:foo=\u003e:bar}","queue":"critical","retry_count":null,"worker_type":"sidekiq"}
{"event_type":"sidekiq_job_started","message":"Job type sidekiq_job - MyWorker ({:foo=\u003e:bar}) started","@timestamp":"2017-12-01T14:34:09.927+01:00","@version":"1","severity":"INFO","host":"SimonsHckintosh"}
{"message":"test","@timestamp":"2017-12-01T14:34:09.927+01:00","@version":"1","severity":"ERROR","host":"SimonsHckintosh"}
{"event_type":"sidekiq_job_finished","duration":0.000193,"message":"Job type sidekiq_job - MyWorker ({:foo=\u003e:bar}) finished","@timestamp":"2017-12-01T14:34:09.927+01:00","@version":"1","severity":"INFO","host":"SimonsHckintosh"}
{"event_type":"sidekiq_job_started","message":"Job type sidekiq_job - MyWorker ({:foo=\u003e:bar}) started","@timestamp":"2017-12-01T14:43:35.943+01:00","@version":"1","severity":"INFO","host":"SimonsHckintosh","pid":29795,"jid":null,"thread_id":"oxnimb450","worker":"MyWorker","args":"{:foo=\u003e:bar}","queue":"critical","retry_count":null,"worker_type":"sidekiq"}
{"event_type":"sidekiq_job_finished","duration":4.5e-05,"message":"Job type sidekiq_job - MyWorker ({:foo=\u003e:bar}) finished","@timestamp":"2017-12-01T14:43:35.944+01:00","@version":"1","severity":"INFO","host":"SimonsHckintosh","pid":29795,"jid":null,"thread_id":"oxnimb450","worker":"MyWorker","args":"{:foo=\u003e:bar}","queue":"critical","retry_count":null,"worker_type":"sidekiq"}
{"event_type":"sidekiq_job_started","message":"Job type sidekiq_job - MyWorker ({:foo=\u003e:bar}) started","@timestamp":"2017-12-01T14:43:35.953+01:00","@version":"1","severity":"INFO","host":"SimonsHckintosh","pid":29795,"jid":null,"thread_id":"oxnimb450","worker":"MyWorker","args":"{:foo=\u003e:bar}","queue":"critical","retry_count":null,"worker_type":"sidekiq"}
{"event_type":"sidekiq_job_finished","duration":1.3e-05,"message":"Job type sidekiq_job - MyWorker ({:foo=\u003e:bar}) finished","@timestamp":"2017-12-01T14:43:35.953+01:00","@version":"1","severity":"INFO","host":"SimonsHckintosh","pid":29795,"jid":null,"thread_id":"oxnimb450","worker":"MyWorker","args":"{:foo=\u003e:bar}","queue":"critical","retry_count":null,"worker_type":"sidekiq"}
{"event_type":"sidekiq_job_started","message":"Job type sidekiq_job - MyWorker ({:foo=\u003e:bar}) started","@timestamp":"2017-12-01T14:43:35.955+01:00","@version":"1","severity":"INFO","host":"SimonsHckintosh"}
{"message":"test","@timestamp":"2017-12-01T14:43:35.960+01:00","@version":"1","severity":"ERROR","host":"SimonsHckintosh"}
{"event_type":"sidekiq_job_finished","duration":0.000505,"message":"Job type sidekiq_job - MyWorker ({:foo=\u003e:bar}) finished","@timestamp":"2017-12-01T14:43:35.961+01:00","@version":"1","severity":"INFO","host":"SimonsHckintosh"}
{"event_type":"sidekiq_job_started","message":"Job type sidekiq_job - MyWorker ({:foo=\u003e:bar}) started","@timestamp":"2017-12-01T14:44:28.112+01:00","@version":"1","severity":"INFO","host":"SimonsHckintosh","pid":30368,"jid":null,"thread_id":"ox200any4","worker":"MyWorker","args":"{:foo=\u003e:bar}","queue":"critical","retry_count":null,"worker_type":"sidekiq"}
{"event_type":"sidekiq_job_finished","duration":5.0e-05,"message":"Job type sidekiq_job - MyWorker ({:foo=\u003e:bar}) finished","@timestamp":"2017-12-01T14:44:28.113+01:00","@version":"1","severity":"INFO","host":"SimonsHckintosh","pid":30368,"jid":null,"thread_id":"ox200any4","worker":"MyWorker","args":"{:foo=\u003e:bar}","queue":"critical","retry_count":null,"worker_type":"sidekiq"}
{"event_type":"sidekiq_job_started","message":"Job type sidekiq_job - MyWorker ({:foo=\u003e:bar}) started","@timestamp":"2017-12-01T14:44:28.117+01:00","@version":"1","severity":"INFO","host":"SimonsHckintosh","pid":30368,"jid":null,"thread_id":"ox200any4","worker":"MyWorker","args":"{:foo=\u003e:bar}","queue":"critical","retry_count":null,"worker_type":"sidekiq"}
{"event_type":"sidekiq_job_finished","duration":1.2e-05,"message":"Job type sidekiq_job - MyWorker ({:foo=\u003e:bar}) finished","@timestamp":"2017-12-01T14:44:28.117+01:00","@version":"1","severity":"INFO","host":"SimonsHckintosh","pid":30368,"jid":null,"thread_id":"ox200any4","worker":"MyWorker","args":"{:foo=\u003e:bar}","queue":"critical","retry_count":null,"worker_type":"sidekiq"}
{"event_type":"sidekiq_job_started","message":"Job type sidekiq_job - MyWorker ({:foo=\u003e:bar}) started","@timestamp":"2017-12-01T14:44:28.117+01:00","@version":"1","severity":"INFO","host":"SimonsHckintosh"}
{"message":"test","@timestamp":"2017-12-01T14:44:28.118+01:00","@version":"1","severity":"ERROR","host":"SimonsHckintosh"}
{"event_type":"sidekiq_job_finished","duration":0.000167,"message":"Job type sidekiq_job - MyWorker ({:foo=\u003e:bar}) finished","@timestamp":"2017-12-01T14:44:28.118+01:00","@version":"1","severity":"INFO","host":"SimonsHckintosh"}
